Start testing: Jul 29 10:02 CEST
----------------------------------------------------------
1/1 Testing: suite_1_test
1/1 Test: suite_1_test
Command: "/Users/frankvanheesch/Documents/GitHub/ius-libiuf/build/Darwin/unitTests/unitTests"
Directory: /Users/frankvanheesch/Documents/GitHub/ius-libiuf/build/Darwin/unitTests
"suite_1_test" start time: Jul 29 10:02 CEST
Output:
----------------------------------------------------------
IUF-DIAG: Error detected in IUF-SDK (3.ffb93dc.3.ffb93dc.3.ffb93dc) thread 0:
  #000: /Users/frankvanheesch/Documents/GitHub/ius-libiuf/library/src/iufInputFile.c line 126 in iufInputFileCreate(): unable to create file IufInputFile.hdf5
    major: Error handling
    minor: Turn on HDF5 error log to get error details: iufHDF5ErrorLog(IUF_TRUE)
IUF-DIAG: Error detected in IUF-SDK (3.ffb93dc.3.ffb93dc.3.ffb93dc) thread 0:
  #000: /Users/frankvanheesch/Documents/GitHub/ius-libiuf/library/src/iufInputFile.c line 437 in iufInputFileClose(): instance->handle == H5I_INVALID_HID
    major: Value Error
    minor: Value invalid for argument
  #001: /Users/frankvanheesch/Documents/GitHub/ius-libiuf/library/src/iufInputFile.c line 126 in iufInputFileCreate(): unable to create file IufInputFile.hdf5
    major: Error handling
    minor: Turn on HDF5 error log to get error details: iufHDF5ErrorLog(IUF_TRUE)
IUF-DIAG: Error detected in IUF-SDK (3.ffb93dc.3.ffb93dc.3.ffb93dc) thread 0:
  #000: /Users/frankvanheesch/Documents/GitHub/ius-libiuf/library/src/iufInputFile.c line 126 in iufInputFileCreate(): unable to create file 
    major: Error handling
    minor: Turn on HDF5 error log to get error details: iufHDF5ErrorLog(IUF_TRUE)
  #001: /Users/frankvanheesch/Documents/GitHub/ius-libiuf/library/src/iufInputFile.c line 437 in iufInputFileClose(): instance->handle == H5I_INVALID_HID
    major: Value Error
    minor: Value invalid for argument
  #002: /Users/frankvanheesch/Documents/GitHub/ius-libiuf/library/src/iufInputFile.c line 126 in iufInputFileCreate(): unable to create file IufInputFile.hdf5
    major: Error handling
    minor: Turn on HDF5 error log to get error details: iufHDF5ErrorLog(IUF_TRUE)
IUF-DIAG: Error detected in IUF-SDK (3.ffb93dc.3.ffb93dc.3.ffb93dc) thread 0:
  #000: /Users/frankvanheesch/Documents/GitHub/ius-libiuf/library/src/iufInputFile.c line 126 in iufInputFileCreate(): unable to create file *&/
    major: Error handling
    minor: Turn on HDF5 error log to get error details: iufHDF5ErrorLog(IUF_TRUE)
  #001: /Users/frankvanheesch/Documents/GitHub/ius-libiuf/library/src/iufInputFile.c line 126 in iufInputFileCreate(): unable to create file 
    major: Error handling
    minor: Turn on HDF5 error log to get error details: iufHDF5ErrorLog(IUF_TRUE)
  #002: /Users/frankvanheesch/Documents/GitHub/ius-libiuf/library/src/iufInputFile.c line 437 in iufInputFileClose(): instance->handle == H5I_INVALID_HID
    major: Value Error
    minor: Value invalid for argument
  #003: /Users/frankvanheesch/Documents/GitHub/ius-libiuf/library/src/iufInputFile.c line 126 in iufInputFileCreate(): unable to create file IufInputFile.hdf5
    major: Error handling
    minor: Turn on HDF5 error log to get error details: iufHDF5ErrorLog(IUF_TRUE)
Unity test run 1 of 1
.....................................................................................
/Users/frankvanheesch/Documents/GitHub/ius-libiuf/unitTests/src/testIufInputFile.c:67:TEST(IufInputFile, testIufInputFileCreate):FAIL: Expected Not-Equal
..........................................................................................................................

-----------------------
207 Tests 1 Failures 0 Ignored 
FAIL
<end of output>
Test time =   1.06 sec
----------------------------------------------------------
Test Failed.
"suite_1_test" end time: Jul 29 10:02 CEST
"suite_1_test" time elapsed: 00:00:01
----------------------------------------------------------

End testing: Jul 29 10:02 CEST
